<?xml version="1.0" encoding="UTF-8"?>
<testng-results skipped="0" failed="0" total="1" passed="1">
  <reporter-output>
  </reporter-output>
  <suite name="TestCommonCore" duration-ms="32" started-at="2018-03-28T07:18:04Z" finished-at="2018-03-28T07:18:04Z">
    <groups>
    </groups>
    <test name="Command line test" duration-ms="32" started-at="2018-03-28T07:18:04Z" finished-at="2018-03-28T07:18:04Z">
      <class name="TestCommonCore">
        <test-method status="PASS" signature="verifyEnvProperties()[pri:0, instance:TestCommonCore@1cd072a9]" name="verifyEnvProperties" duration-ms="14" started-at="2018-03-28T12:48:04Z" finished-at="2018-03-28T12:48:04Z">
          <reporter-output>
          </reporter-output>
        </test-method> <!-- verifyEnvProperties -->
      </class> <!-- TestCommonCore -->
    </test> <!-- Command line test -->
  </suite> <!-- TestCommonCore -->
</testng-results>
